<?xml version="1.0" encoding="UTF-8"?>
<!-- Generated by org.testng.reporters.JUnitReportReporter -->
<testsuite hostname="DESKTOP-77JFD19" failures="0" tests="3" name="rahulshettyacademy.test.SubmitOrderTest" time="56.291" errors="0" timestamp="2024-09-21T11:57:51 IST" skipped="0">
  <testcase classname="rahulshettyacademy.test.SubmitOrderTest" name="orderHistoryTest" time="16.856"/>
  <system-out/>
  <testcase classname="rahulshettyacademy.test.SubmitOrderTest" name="submitOrder" time="20.993"/>
  <system-out/>
  <testcase classname="rahulshettyacademy.test.SubmitOrderTest" name="submitOrder" time="18.442"/>
  <system-out/>
</testsuite> <!-- rahulshettyacademy.test.SubmitOrderTest -->
